12:10:21.870 [main] INFO  api.test.Usertest - ***********creating user********************
12:10:24.456 [main] INFO  api.test.Usertest - *************user is created ****************
12:10:24.460 [main] INFO  api.test.Usertest - ***********Reading user info ********************
12:10:26.324 [main] INFO  api.test.Usertest - *********** user info is displayed ********************
12:10:26.330 [main] INFO  api.test.Usertest - ***********Updating user ********************
12:10:27.503 [main] INFO  api.test.Usertest - *********** User is updated ********************
12:10:28.593 [main] INFO  api.test.Usertest - ***********Deleting user ********************
12:10:29.723 [main] INFO  api.test.Usertest - *********** User is deleted ********************
12:11:10.877 [main] INFO  api.test.Usertest - ***********creating user********************
12:11:13.449 [main] INFO  api.test.Usertest - *************user is created ****************
12:11:13.452 [main] INFO  api.test.Usertest - ***********Reading user info ********************
12:11:14.619 [main] INFO  api.test.Usertest - *********** user info is displayed ********************
12:11:14.624 [main] INFO  api.test.Usertest - ***********Updating user ********************
12:11:16.585 [main] INFO  api.test.Usertest - *********** User is updated ********************
12:11:18.724 [main] INFO  api.test.Usertest - ***********Deleting user ********************
12:11:20.356 [main] INFO  api.test.Usertest - *********** User is deleted ********************
12:11:44.528 [main] DEBUG org.apache.poi.openxml4j.opc.PackageRelationshipCollection - Parsing relationship: /xl/_rels/workbook.xml.rels
12:11:44.531 [main] DEBUG org.apache.poi.openxml4j.opc.PackageRelationshipCollection - Parsing relationship: /xl/worksheets/_rels/sheet1.xml.rels
12:11:44.532 [main] DEBUG org.apache.poi.openxml4j.opc.PackageRelationshipCollection - Parsing relationship: /_rels/.rels
12:11:45.373 [main] DEBUG org.apache.poi.openxml4j.opc.PackageRelationshipCollection - Parsing relationship: /xl/_rels/workbook.xml.rels
12:11:45.374 [main] DEBUG org.apache.poi.openxml4j.opc.PackageRelationshipCollection - Parsing relationship: /xl/worksheets/_rels/sheet1.xml.rels
12:11:45.375 [main] DEBUG org.apache.poi.openxml4j.opc.PackageRelationshipCollection - Parsing relationship: /_rels/.rels
12:11:45.401 [main] DEBUG org.apache.poi.openxml4j.opc.PackageRelationshipCollection - Parsing relationship: /xl/_rels/workbook.xml.rels
12:11:45.402 [main] DEBUG org.apache.poi.openxml4j.opc.PackageRelationshipCollection - Parsing relationship: /xl/worksheets/_rels/sheet1.xml.rels
12:11:45.403 [main] DEBUG org.apache.poi.openxml4j.opc.PackageRelationshipCollection - Parsing relationship: /_rels/.rels
12:11:45.452 [main] DEBUG org.apache.poi.openxml4j.opc.PackageRelationshipCollection - Parsing relationship: /xl/_rels/workbook.xml.rels
12:11:45.453 [main] DEBUG org.apache.poi.openxml4j.opc.PackageRelationshipCollection - Parsing relationship: /xl/worksheets/_rels/sheet1.xml.rels
12:11:45.454 [main] DEBUG org.apache.poi.openxml4j.opc.PackageRelationshipCollection - Parsing relationship: /_rels/.rels
12:11:45.479 [main] DEBUG org.apache.poi.openxml4j.opc.PackageRelationshipCollection - Parsing relationship: /xl/_rels/workbook.xml.rels
12:11:45.480 [main] DEBUG org.apache.poi.openxml4j.opc.PackageRelationshipCollection - Parsing relationship: /xl/worksheets/_rels/sheet1.xml.rels
12:11:45.481 [main] DEBUG org.apache.poi.openxml4j.opc.PackageRelationshipCollection - Parsing relationship: /_rels/.rels
12:11:45.502 [main] DEBUG org.apache.poi.openxml4j.opc.PackageRelationshipCollection - Parsing relationship: /xl/_rels/workbook.xml.rels
12:11:45.503 [main] DEBUG org.apache.poi.openxml4j.opc.PackageRelationshipCollection - Parsing relationship: /xl/worksheets/_rels/sheet1.xml.rels
12:11:45.503 [main] DEBUG org.apache.poi.openxml4j.opc.PackageRelationshipCollection - Parsing relationship: /_rels/.rels
12:11:45.522 [main] DEBUG org.apache.poi.openxml4j.opc.PackageRelationshipCollection - Parsing relationship: /xl/_rels/workbook.xml.rels
12:11:45.523 [main] DEBUG org.apache.poi.openxml4j.opc.PackageRelationshipCollection - Parsing relationship: /xl/worksheets/_rels/sheet1.xml.rels
12:11:45.523 [main] DEBUG org.apache.poi.openxml4j.opc.PackageRelationshipCollection - Parsing relationship: /_rels/.rels
12:11:45.546 [main] DEBUG org.apache.poi.openxml4j.opc.PackageRelationshipCollection - Parsing relationship: /xl/_rels/workbook.xml.rels
12:11:45.546 [main] DEBUG org.apache.poi.openxml4j.opc.PackageRelationshipCollection - Parsing relationship: /xl/worksheets/_rels/sheet1.xml.rels
12:11:45.547 [main] DEBUG org.apache.poi.openxml4j.opc.PackageRelationshipCollection - Parsing relationship: /_rels/.rels
12:11:45.568 [main] DEBUG org.apache.poi.openxml4j.opc.PackageRelationshipCollection - Parsing relationship: /xl/_rels/workbook.xml.rels
12:11:45.569 [main] DEBUG org.apache.poi.openxml4j.opc.PackageRelationshipCollection - Parsing relationship: /xl/worksheets/_rels/sheet1.xml.rels
12:11:45.569 [main] DEBUG org.apache.poi.openxml4j.opc.PackageRelationshipCollection - Parsing relationship: /_rels/.rels
12:11:45.589 [main] DEBUG org.apache.poi.openxml4j.opc.PackageRelationshipCollection - Parsing relationship: /xl/_rels/workbook.xml.rels
12:11:45.590 [main] DEBUG org.apache.poi.openxml4j.opc.PackageRelationshipCollection - Parsing relationship: /xl/worksheets/_rels/sheet1.xml.rels
12:11:45.590 [main] DEBUG org.apache.poi.openxml4j.opc.PackageRelationshipCollection - Parsing relationship: /_rels/.rels
12:11:45.615 [main] DEBUG org.apache.poi.openxml4j.opc.PackageRelationshipCollection - Parsing relationship: /xl/_rels/workbook.xml.rels
12:11:45.616 [main] DEBUG org.apache.poi.openxml4j.opc.PackageRelationshipCollection - Parsing relationship: /xl/worksheets/_rels/sheet1.xml.rels
12:11:45.617 [main] DEBUG org.apache.poi.openxml4j.opc.PackageRelationshipCollection - Parsing relationship: /_rels/.rels
12:11:45.635 [main] DEBUG org.apache.poi.openxml4j.opc.PackageRelationshipCollection - Parsing relationship: /xl/_rels/workbook.xml.rels
12:11:45.636 [main] DEBUG org.apache.poi.openxml4j.opc.PackageRelationshipCollection - Parsing relationship: /xl/worksheets/_rels/sheet1.xml.rels
12:11:45.637 [main] DEBUG org.apache.poi.openxml4j.opc.PackageRelationshipCollection - Parsing relationship: /_rels/.rels
12:11:45.652 [main] DEBUG org.apache.poi.openxml4j.opc.PackageRelationshipCollection - Parsing relationship: /xl/_rels/workbook.xml.rels
12:11:45.652 [main] DEBUG org.apache.poi.openxml4j.opc.PackageRelationshipCollection - Parsing relationship: /xl/worksheets/_rels/sheet1.xml.rels
12:11:45.653 [main] DEBUG org.apache.poi.openxml4j.opc.PackageRelationshipCollection - Parsing relationship: /_rels/.rels
12:11:45.670 [main] DEBUG org.apache.poi.openxml4j.opc.PackageRelationshipCollection - Parsing relationship: /xl/_rels/workbook.xml.rels
12:11:45.671 [main] DEBUG org.apache.poi.openxml4j.opc.PackageRelationshipCollection - Parsing relationship: /xl/worksheets/_rels/sheet1.xml.rels
12:11:45.672 [main] DEBUG org.apache.poi.openxml4j.opc.PackageRelationshipCollection - Parsing relationship: /_rels/.rels
12:11:45.693 [main] DEBUG org.apache.poi.openxml4j.opc.PackageRelationshipCollection - Parsing relationship: /xl/_rels/workbook.xml.rels
12:11:45.694 [main] DEBUG org.apache.poi.openxml4j.opc.PackageRelationshipCollection - Parsing relationship: /xl/worksheets/_rels/sheet1.xml.rels
12:11:45.695 [main] DEBUG org.apache.poi.openxml4j.opc.PackageRelationshipCollection - Parsing relationship: /_rels/.rels
12:11:45.719 [main] DEBUG org.apache.poi.openxml4j.opc.PackageRelationshipCollection - Parsing relationship: /xl/_rels/workbook.xml.rels
12:11:45.720 [main] DEBUG org.apache.poi.openxml4j.opc.PackageRelationshipCollection - Parsing relationship: /xl/worksheets/_rels/sheet1.xml.rels
12:11:45.720 [main] DEBUG org.apache.poi.openxml4j.opc.PackageRelationshipCollection - Parsing relationship: /_rels/.rels
12:11:45.739 [main] DEBUG org.apache.poi.openxml4j.opc.PackageRelationshipCollection - Parsing relationship: /xl/_rels/workbook.xml.rels
12:11:45.740 [main] DEBUG org.apache.poi.openxml4j.opc.PackageRelationshipCollection - Parsing relationship: /xl/worksheets/_rels/sheet1.xml.rels
12:11:45.740 [main] DEBUG org.apache.poi.openxml4j.opc.PackageRelationshipCollection - Parsing relationship: /_rels/.rels
12:11:45.758 [main] DEBUG org.apache.poi.openxml4j.opc.PackageRelationshipCollection - Parsing relationship: /xl/_rels/workbook.xml.rels
12:11:45.759 [main] DEBUG org.apache.poi.openxml4j.opc.PackageRelationshipCollection - Parsing relationship: /xl/worksheets/_rels/sheet1.xml.rels
12:11:45.760 [main] DEBUG org.apache.poi.openxml4j.opc.PackageRelationshipCollection - Parsing relationship: /_rels/.rels
12:11:45.776 [main] DEBUG org.apache.poi.openxml4j.opc.PackageRelationshipCollection - Parsing relationship: /xl/_rels/workbook.xml.rels
12:11:45.777 [main] DEBUG org.apache.poi.openxml4j.opc.PackageRelationshipCollection - Parsing relationship: /xl/worksheets/_rels/sheet1.xml.rels
12:11:45.778 [main] DEBUG org.apache.poi.openxml4j.opc.PackageRelationshipCollection - Parsing relationship: /_rels/.rels
12:11:45.796 [main] DEBUG org.apache.poi.openxml4j.opc.PackageRelationshipCollection - Parsing relationship: /xl/_rels/workbook.xml.rels
12:11:45.797 [main] DEBUG org.apache.poi.openxml4j.opc.PackageRelationshipCollection - Parsing relationship: /xl/worksheets/_rels/sheet1.xml.rels
12:11:45.797 [main] DEBUG org.apache.poi.openxml4j.opc.PackageRelationshipCollection - Parsing relationship: /_rels/.rels
12:11:45.817 [main] DEBUG org.apache.poi.openxml4j.opc.PackageRelationshipCollection - Parsing relationship: /xl/_rels/workbook.xml.rels
12:11:45.818 [main] DEBUG org.apache.poi.openxml4j.opc.PackageRelationshipCollection - Parsing relationship: /xl/worksheets/_rels/sheet1.xml.rels
12:11:45.819 [main] DEBUG org.apache.poi.openxml4j.opc.PackageRelationshipCollection - Parsing relationship: /_rels/.rels
12:11:45.834 [main] DEBUG org.apache.poi.openxml4j.opc.PackageRelationshipCollection - Parsing relationship: /xl/_rels/workbook.xml.rels
12:11:45.835 [main] DEBUG org.apache.poi.openxml4j.opc.PackageRelationshipCollection - Parsing relationship: /xl/worksheets/_rels/sheet1.xml.rels
12:11:45.835 [main] DEBUG org.apache.poi.openxml4j.opc.PackageRelationshipCollection - Parsing relationship: /_rels/.rels
12:11:45.848 [main] DEBUG org.apache.poi.openxml4j.opc.PackageRelationshipCollection - Parsing relationship: /xl/_rels/workbook.xml.rels
12:11:45.849 [main] DEBUG org.apache.poi.openxml4j.opc.PackageRelationshipCollection - Parsing relationship: /xl/worksheets/_rels/sheet1.xml.rels
12:11:45.849 [main] DEBUG org.apache.poi.openxml4j.opc.PackageRelationshipCollection - Parsing relationship: /_rels/.rels
12:12:11.155 [main] DEBUG org.apache.poi.openxml4j.opc.PackageRelationshipCollection - Parsing relationship: /xl/_rels/workbook.xml.rels
12:12:11.155 [main] DEBUG org.apache.poi.openxml4j.opc.PackageRelationshipCollection - Parsing relationship: /xl/worksheets/_rels/sheet1.xml.rels
12:12:11.156 [main] DEBUG org.apache.poi.openxml4j.opc.PackageRelationshipCollection - Parsing relationship: /_rels/.rels
12:12:11.172 [main] DEBUG org.apache.poi.openxml4j.opc.PackageRelationshipCollection - Parsing relationship: /xl/_rels/workbook.xml.rels
12:12:11.172 [main] DEBUG org.apache.poi.openxml4j.opc.PackageRelationshipCollection - Parsing relationship: /xl/worksheets/_rels/sheet1.xml.rels
12:12:11.173 [main] DEBUG org.apache.poi.openxml4j.opc.PackageRelationshipCollection - Parsing relationship: /_rels/.rels
12:12:11.187 [main] DEBUG org.apache.poi.openxml4j.opc.PackageRelationshipCollection - Parsing relationship: /xl/_rels/workbook.xml.rels
12:12:11.188 [main] DEBUG org.apache.poi.openxml4j.opc.PackageRelationshipCollection - Parsing relationship: /xl/worksheets/_rels/sheet1.xml.rels
12:12:11.188 [main] DEBUG org.apache.poi.openxml4j.opc.PackageRelationshipCollection - Parsing relationship: /_rels/.rels
12:12:11.202 [main] DEBUG org.apache.poi.openxml4j.opc.PackageRelationshipCollection - Parsing relationship: /xl/_rels/workbook.xml.rels
12:12:11.203 [main] DEBUG org.apache.poi.openxml4j.opc.PackageRelationshipCollection - Parsing relationship: /xl/worksheets/_rels/sheet1.xml.rels
12:12:11.203 [main] DEBUG org.apache.poi.openxml4j.opc.PackageRelationshipCollection - Parsing relationship: /_rels/.rels
16:48:17.588 [main] INFO  api.test.Usertestusingproperties - ***********creating user********************
16:48:17.609 [main] INFO  api.test.Usertestusingproperties - ***********Reading user info ********************
16:48:17.615 [main] INFO  api.test.Usertestusingproperties - ***********Updating user ********************
16:48:17.625 [main] INFO  api.test.Usertestusingproperties - ***********Deleting user ********************
16:49:22.508 [main] INFO  api.test.Usertestusingproperties - ***********creating user********************
16:49:25.199 [main] INFO  api.test.Usertestusingproperties - ***********Reading user info ********************
16:49:25.225 [main] INFO  api.test.Usertestusingproperties - ***********Updating user ********************
16:49:25.236 [main] INFO  api.test.Usertestusingproperties - ***********Deleting user ********************
16:55:22.771 [main] INFO  api.test.Usertestusingproperties - ***********creating user********************
16:55:25.394 [main] INFO  api.test.Usertestusingproperties - ***********Reading user info ********************
16:55:25.420 [main] INFO  api.test.Usertestusingproperties - ***********Updating user ********************
16:55:25.431 [main] INFO  api.test.Usertestusingproperties - ***********Deleting user ********************
16:56:57.810 [main] INFO  api.test.Usertestusingproperties - ***********creating user********************
16:57:00.421 [main] INFO  api.test.Usertestusingproperties - ***********Reading user info ********************
16:57:00.448 [main] INFO  api.test.Usertestusingproperties - ***********Updating user ********************
16:57:00.462 [main] INFO  api.test.Usertestusingproperties - ***********Deleting user ********************
19:32:59.433 [main] INFO  api.test.Usertestusingproperties - ***********creating user********************
19:33:02.360 [main] INFO  api.test.Usertestusingproperties - ***********Reading user info ********************
19:33:02.391 [main] INFO  api.test.Usertestusingproperties - ***********Updating user ********************
19:33:02.406 [main] INFO  api.test.Usertestusingproperties - ***********Deleting user ********************
19:39:24.886 [main] INFO  api.test.Usertestusingproperties - ***********creating user********************
19:39:25.672 [main] INFO  api.test.Usertestusingproperties - ***********Reading user info ********************
19:39:25.684 [main] INFO  api.test.Usertestusingproperties - ***********Updating user ********************
19:39:25.695 [main] INFO  api.test.Usertestusingproperties - ***********Deleting user ********************
19:41:42.544 [main] INFO  api.test.Usertestusingproperties - ***********creating user********************
19:41:45.198 [main] INFO  api.test.Usertestusingproperties - ***********Reading user info ********************
19:41:45.219 [main] INFO  api.test.Usertestusingproperties - ***********Updating user ********************
19:41:45.231 [main] INFO  api.test.Usertestusingproperties - ***********Deleting user ********************
19:43:07.447 [main] INFO  api.test.Usertestusingproperties - ***********creating user********************
19:43:09.987 [main] INFO  api.test.Usertestusingproperties - *************user is created ****************
19:43:09.990 [main] INFO  api.test.Usertestusingproperties - ***********Reading user info ********************
19:43:11.122 [main] INFO  api.test.Usertestusingproperties - *********** user info is displayed ********************
19:43:11.126 [main] INFO  api.test.Usertestusingproperties - ***********Updating user ********************
19:43:12.222 [main] INFO  api.test.Usertestusingproperties - *********** User is updated ********************
19:43:13.348 [main] INFO  api.test.Usertestusingproperties - ***********Deleting user ********************
19:43:14.434 [main] INFO  api.test.Usertestusingproperties - *********** User is deleted ********************
19:44:21.898 [main] INFO  api.test.Usertestusingproperties - ***********creating user********************
19:44:24.490 [main] INFO  api.test.Usertestusingproperties - *************user is created ****************
19:44:24.493 [main] INFO  api.test.Usertestusingproperties - ***********Reading user info ********************
19:44:25.618 [main] INFO  api.test.Usertestusingproperties - *********** user info is displayed ********************
19:44:25.622 [main] INFO  api.test.Usertestusingproperties - ***********Updating user ********************
19:44:26.710 [main] INFO  api.test.Usertestusingproperties - *********** User is updated ********************
19:44:27.804 [main] INFO  api.test.Usertestusingproperties - ***********Deleting user ********************
19:44:28.889 [main] INFO  api.test.Usertestusingproperties - *********** User is deleted ********************
20:22:08.399 [main] INFO  api.test.Usertestusingproperties - ***********creating user********************
20:22:10.905 [main] INFO  api.test.Usertestusingproperties - *************user is created ****************
20:22:10.907 [main] INFO  api.test.Usertestusingproperties - ***********Reading user info ********************
20:22:12.065 [main] INFO  api.test.Usertestusingproperties - *********** user info is displayed ********************
20:22:12.067 [main] INFO  api.test.Usertestusingproperties - ***********Updating user ********************
20:22:13.190 [main] INFO  api.test.Usertestusingproperties - *********** User is updated ********************
20:22:14.303 [main] INFO  api.test.Usertestusingproperties - ***********Deleting user ********************
20:22:15.881 [main] INFO  api.test.Usertestusingproperties - *********** User is deleted ********************
22:10:27.424 [main] INFO  api.test.Usertestusingproperties - ***********creating user********************
22:10:33.412 [main] INFO  api.test.Usertestusingproperties - *************user is created ****************
22:10:33.414 [main] INFO  api.test.Usertestusingproperties - ***********Reading user info ********************
22:10:34.759 [main] INFO  api.test.Usertestusingproperties - *********** user info is displayed ********************
22:10:34.762 [main] INFO  api.test.Usertestusingproperties - ***********Updating user ********************
22:10:36.157 [main] INFO  api.test.Usertestusingproperties - *********** User is updated ********************
22:10:37.263 [main] INFO  api.test.Usertestusingproperties - ***********Deleting user ********************
22:10:38.388 [main] INFO  api.test.Usertestusingproperties - *********** User is deleted ********************
